#
# A fatal error has been detected by the Java Runtime Environment:
#
#  EXCEPTION_ACCESS_VIOLATION (0xc0000005) at pc=0x0000000050a6f216, pid=34392, tid=0x000000000000a2f0
#
# JRE version: Java(TM) SE Runtime Environment (8.0_333-b02) (build 1.8.0_333-b02)
# Java VM: Java HotSpot(TM) 64-Bit Server VM (25.333-b02 mixed mode windows-amd64 compressed oops)
# Problematic frame:
# V  [jvm.dll+0x22f216]
#
# Failed to write core dump. Minidumps are not enabled by default on client versions of Windows
#
# If you would like to submit a bug report, please visit:
#   http://bugreport.java.com/bugreport/crash.jsp
#

---------------  T H R E A D  ---------------

Current thread (0x000002bcee626000):  VMThread [stack: 0x000000f151100000,0x000000f151200000] [id=41712]

siginfo: ExceptionCode=0xc0000005, reading address 0x0000000000000008

Registers:
RAX=0x0000000000000000, RBX=0x000000f1511fedf0, RCX=0x0000000000000000, RDX=0x0000000000000028
RSP=0x000000f1511feb00, RBP=0x000000f1511ff350, RSI=0x0000000000000000, RDI=0x000000f1511ff4d0
R8 =0x0000000000000000, R9 =0x000002bcee0dc820, R10=0x000002bcca727220, R11=0x000002bcee0dcaf9
R12=0x000000000000002a, R13=0x000002bcca765a00, R14=0x00000000000000b6, R15=0x0000000050840000
RIP=0x0000000050a6f216, EFLAGS=0x0000000000010206

Top of Stack: (sp=0x000000f1511feb00)
0x000000f1511feb00:   000002bccc310810 0000000000000000
0x000000f1511feb10:   000000f1503ff370 000000f1503ff290
0x000000f1511feb20:   0000000000000000 0000000000000000
0x000000f1511feb30:   000000071a16ff28 000000071a16fcd8
0x000000f1511feb40:   000000071a16fc58 000000071a16f850
0x000000f1511feb50:   000000071a16f7a0 000000071a16f710
0x000000f1511feb60:   000000071a16f698 000000071a16f620
0x000000f1511feb70:   000000f1503ff258 000000f1503ff258
0x000000f1511feb80:   000000071a16f488 000000071a16f3e0
0x000000f1511feb90:   000000071a16ed00 000000071a16ec20
0x000000f1511feba0:   000000071a16eb98 000000071a16eb08
0x000000f1511febb0:   000000071a16ea10 000000071a16e980
0x000000f1511febc0:   000000071a16e8f0 000000071a16e848
0x000000f1511febd0:   000000071a16e7d0 000000071a16e758
0x000000f1511febe0:   000000071a16e6b8 000000071a16e650
0x000000f1511febf0:   000000071a16e5d8 000000071a16e380 

Instructions: (pc=0x0000000050a6f216)
0x0000000050a6f1f6:   01 00 00 48 8b 05 e8 af 56 00 48 33 c4 48 89 84
0x0000000050a6f206:   24 40 01 00 00 48 8b d9 48 63 49 10 48 8b 43 08
0x0000000050a6f216:   38 54 08 08 74 45 44 0f be c2 48 8d 4c 24 30 48
0x0000000050a6f226:   8d 15 b4 83 3b 00 e8 ff c0 df ff 4c 8d 0d 40 7b 


Register to memory mapping:

RAX=0x0000000000000000 is an unknown value
RBX=0x000000f1511fedf0 is an unknown value
RCX=0x0000000000000000 is an unknown value
RDX=0x0000000000000028 is an unknown value
RSP=0x000000f1511feb00 is an unknown value
RBP=0x000000f1511ff350 is an unknown value
RSI=0x0000000000000000 is an unknown value
RDI=0x000000f1511ff4d0 is an unknown value
R8 =0x0000000000000000 is an unknown value
R9 =0x000002bcee0dc820 is pointing into metadata
R10=0x000002bcca727220 is an unknown value
R11=0x000002bcee0dcaf9 is pointing into metadata
R12=0x000000000000002a is an unknown value
R13=0x000002bcca765a00 is an unknown value
R14=0x00000000000000b6 is an unknown value
R15=0x0000000050840000 is an unknown value


Stack: [0x000000f151100000,0x000000f151200000],  sp=0x000000f1511feb00,  free space=1018k
Native frames: (J=compiled Java code, j=interpreted, Vv=VM code, C=native code)
V  [jvm.dll+0x22f216]
V  [jvm.dll+0x22f984]
V  [jvm.dll+0x1070c3]
V  [jvm.dll+0x109033]
V  [jvm.dll+0x1098ae]
V  [jvm.dll+0x106eea]
V  [jvm.dll+0x10606a]
V  [jvm.dll+0xcd94b]
V  [jvm.dll+0xce3e3]
V  [jvm.dll+0x112eb4]
V  [jvm.dll+0x136220]
V  [jvm.dll+0x1b9851]
V  [jvm.dll+0x246507]
V  [jvm.dll+0x244c55]
V  [jvm.dll+0x2453ec]
V  [jvm.dll+0x2456fc]
V  [jvm.dll+0x292edc]
C  [ucrtbase.dll+0x21bb2]
C  [KERNEL32.DLL+0x17614]
C  [ntdll.dll+0x526a1]

VM_Operation (0x000000f1514ff160): GetOrSetLocal, mode: safepoint, requested by thread 0x000002bcf1379000


---------------  P R O C E S S  ---------------

Java Threads: ( => current thread )
  0x000002bcf1dec800 JavaThread "ReaderThread" [_thread_in_native, id=5896, stack(0x000000f152500000,0x000000f152600000)]
  0x000002bcf1478000 JavaThread "Service Thread" daemon [_thread_blocked, id=40520, stack(0x000000f152300000,0x000000f152400000)]
  0x000002bcf1458000 JavaThread "C1 CompilerThread11" daemon [_thread_blocked, id=38944, stack(0x000000f152200000,0x000000f152300000)]
  0x000002bcf144d000 JavaThread "C1 CompilerThread10" daemon [_thread_blocked, id=15416, stack(0x000000f152100000,0x000000f152200000)]
  0x000002bcf1433800 JavaThread "C1 CompilerThread9" daemon [_thread_blocked, id=37688, stack(0x000000f152000000,0x000000f152100000)]
  0x000002bcf1428000 JavaThread "C1 CompilerThread8" daemon [_thread_blocked, id=22032, stack(0x000000f151f00000,0x000000f152000000)]
  0x000002bcf1419000 JavaThread "C2 CompilerThread7" daemon [_thread_blocked, id=23960, stack(0x000000f151e00000,0x000000f151f00000)]
  0x000002bcf1408800 JavaThread "C2 CompilerThread6" daemon [_thread_blocked, id=25404, stack(0x000000f151d00000,0x000000f151e00000)]
  0x000002bcf13f3000 JavaThread "C2 CompilerThread5" daemon [_thread_blocked, id=34988, stack(0x000000f151c00000,0x000000f151d00000)]
  0x000002bcf13c9800 JavaThread "C2 CompilerThread4" daemon [_thread_blocked, id=43228, stack(0x000000f151b00000,0x000000f151c00000)]
  0x000002bcf139e800 JavaThread "C2 CompilerThread3" daemon [_thread_blocked, id=4016, stack(0x000000f151a00000,0x000000f151b00000)]
  0x000002bcf1395800 JavaThread "C2 CompilerThread2" daemon [_thread_blocked, id=40208, stack(0x000000f151900000,0x000000f151a00000)]
  0x000002bcf138d000 JavaThread "C2 CompilerThread1" daemon [_thread_blocked, id=39960, stack(0x000000f151800000,0x000000f151900000)]
  0x000002bcf1389000 JavaThread "C2 CompilerThread0" daemon [_thread_blocked, id=43500, stack(0x000000f151700000,0x000000f151800000)]
  0x000002bcf137c000 JavaThread "JDWP Command Reader" daemon [_thread_in_native, id=44844, stack(0x000000f151600000,0x000000f151700000)]
  0x000002bcf137b000 JavaThread "JDWP Event Helper Thread" daemon [_thread_blocked, id=12172, stack(0x000000f151500000,0x000000f151600000)]
  0x000002bcf1379000 JavaThread "JDWP Transport Listener: dt_socket" daemon [_thread_blocked, id=29980, stack(0x000000f151400000,0x000000f151500000)]
  0x000002bcf1350800 JavaThread "Attach Listener" daemon [_thread_blocked, id=42596, stack(0x000000f16fa00000,0x000000f16fb00000)]
  0x000002bcf134b800 JavaThread "Signal Dispatcher" daemon [_thread_blocked, id=38556, stack(0x000000f16f900000,0x000000f16fa00000)]
  0x000002bcf1330800 JavaThread "Finalizer" daemon [_thread_blocked, id=34796, stack(0x000000f151300000,0x000000f151400000)]
  0x000002bcee631800 JavaThread "Reference Handler" daemon [_thread_blocked, id=42136, stack(0x000000f151200000,0x000000f151300000)]
  0x000002bcca70b800 JavaThread "main" [_thread_blocked, id=32644, stack(0x000000f150300000,0x000000f150400000)]

Other Threads:
=>0x000002bcee626000 VMThread [stack: 0x000000f151100000,0x000000f151200000] [id=41712]
  0x000002bcf147d000 WatcherThread [stack: 0x000000f152400000,0x000000f152500000] [id=41916]

VM state:at safepoint (normal execution)

VM Mutex/Monitor currently owned by a thread:  ([mutex/lock_event])
[0x000002bcca7033d0] Threads_lock - owner thread: 0x000002bcee626000

heap address: 0x00000005cae00000, size: 8018 MB, Compressed Oops mode: Zero based, Oop shift amount: 3
Narrow klass base: 0x0000000000000000, Narrow klass shift: 3
Compressed class space size: 1073741824 Address: 0x00000007c0000000

Heap:
 PSYoungGen      total 150016K, used 33546K [0x0000000718f80000, 0x0000000723680000, 0x00000007c0000000)
  eden space 129024K, 26% used [0x0000000718f80000,0x000000071b042ac8,0x0000000720d80000)
  from space 20992K, 0% used [0x0000000722200000,0x0000000722200000,0x0000000723680000)
  to   space 20992K, 0% used [0x0000000720d80000,0x0000000720d80000,0x0000000722200000)
 ParOldGen       total 343040K, used 0K [0x00000005cae00000, 0x00000005dfd00000, 0x0000000718f80000)
  object space 343040K, 0% used [0x00000005cae00000,0x00000005cae00000,0x00000005dfd00000)
 Metaspace       used 8490K, capacity 8610K, committed 8704K, reserved 1056768K
  class space    used 993K, capacity 1011K, committed 1024K, reserved 1048576K

Card table byte_map: [0x000002bcdb6d0000,0x000002bcdc680000] byte_map_base: 0x000002bcd8879000

Marking Bits: (ParMarkBitMap*) 0x0000000051029030
 Begin Bits: [0x000002bcdd100000, 0x000002bce4e48000)
 End Bits:   [0x000002bce4e48000, 0x000002bcecb90000)

Polling page: 0x000002bcca980000

CodeCache: size=245760Kb used=4666Kb max_used=4666Kb free=241094Kb
 bounds [0x000002bccc310000, 0x000002bccc7a0000, 0x000002bcdb310000]
 total_blobs=993 nmethods=672 adapters=240
 compilation: enabled

Compilation events (10 events):
Event: 0.717 Thread 0x000002bcf1433800 nmethod 667 0x000002bccc79db90 code [0x000002bccc79dd20, 0x000002bccc79dfa0]
Event: 0.717 Thread 0x000002bcf1433800  669       1       java.util.Collections$EmptyIterator::hasNext (2 bytes)
Event: 0.717 Thread 0x000002bcf1433800 nmethod 669 0x000002bccc79e090 code [0x000002bccc79e1e0, 0x000002bccc79e2f8]
Event: 0.717 Thread 0x000002bcf1458000 nmethod 664 0x000002bccc79e350 code [0x000002bccc79e540, 0x000002bccc79ec10]
Event: 0.717 Thread 0x000002bcf144d000  670       1       java.lang.Class::getAnnotationType (5 bytes)
Event: 0.717 Thread 0x000002bcf144d000 nmethod 670 0x000002bccc79f110 code [0x000002bccc79f260, 0x000002bccc79f378]
Event: 0.717 Thread 0x000002bcf1428000  671       1       org.testng.shaded.com.google.gson.reflect.TypeToken::hashCode (5 bytes)
Event: 0.717 Thread 0x000002bcf1428000 nmethod 671 0x000002bccc79f3d0 code [0x000002bccc79f520, 0x000002bccc79f638]
Event: 0.717 Thread 0x000002bcf1433800  672       3       java.lang.Class::getReflectionFactory (26 bytes)
Event: 0.717 Thread 0x000002bcf1433800 nmethod 672 0x000002bccc79f690 code [0x000002bccc79f820, 0x000002bccc79fc10]

GC Heap History (0 events):
No events

Deoptimization events (1 events):
Event: 0.383 Thread 0x000002bcca70b800 Uncommon trap: reason=unstable_if action=reinterpret pc=0x000002bccc691d48 method=java.lang.String.indexOf([CII[CIII)I @ 3

Classes redefined (5 events):
Event: 66.615 Thread 0x000002bcee626000 redefined class name=com.amazon.Dashboard.TC_HomePage, count=1
Event: 93.531 Thread 0x000002bcee626000 redefined class name=com.amazon.Dashboard.TC_HomePage, count=2
Event: 327.813 Thread 0x000002bcee626000 redefined class name=com.amazon.Dashboard.HomePage, count=1
Event: 332.521 Thread 0x000002bcee626000 redefined class name=com.amazon.Dashboard.TC_HomePage, count=3
Event: 534.878 Thread 0x000002bcee626000 redefined class name=com.amazon.Dashboard.TC_HomePage, count=4

Internal exceptions (6 events):
Event: 0.029 Thread 0x000002bcca70b800 Exception <a 'java/lang/NoSuchMethodError': Method sun.misc.Unsafe.defineClass(Ljava/lang/String;[BII)Ljava/lang/Class; name or signature does not match> (0x0000000718f87cc0) thrown at [C:\jenkins\workspace\8-2-build-windows-amd64-cygwin\jdk8u333\2551\hot
Event: 0.029 Thread 0x000002bcca70b800 Exception <a 'java/lang/NoSuchMethodError': Method sun.misc.Unsafe.prefetchRead(Ljava/lang/Object;J)V name or signature does not match> (0x0000000718f87fa8) thrown at [C:\jenkins\workspace\8-2-build-windows-amd64-cygwin\jdk8u333\2551\hotspot\src\share\vm\
Event: 0.295 Thread 0x000002bcca70b800 Exception <a 'java/security/PrivilegedActionException'> (0x0000000719f1bcd0) thrown at [C:\jenkins\workspace\8-2-build-windows-amd64-cygwin\jdk8u333\2551\hotspot\src\share\vm\prims\jvm.cpp, line 1523]
Event: 0.295 Thread 0x000002bcca70b800 Exception <a 'java/security/PrivilegedActionException'> (0x0000000719f1bee0) thrown at [C:\jenkins\workspace\8-2-build-windows-amd64-cygwin\jdk8u333\2551\hotspot\src\share\vm\prims\jvm.cpp, line 1523]
Event: 0.295 Thread 0x000002bcca70b800 Exception <a 'java/security/PrivilegedActionException'> (0x0000000719f1fb50) thrown at [C:\jenkins\workspace\8-2-build-windows-amd64-cygwin\jdk8u333\2551\hotspot\src\share\vm\prims\jvm.cpp, line 1523]
Event: 0.295 Thread 0x000002bcca70b800 Exception <a 'java/security/PrivilegedActionException'> (0x0000000719f1fd60) thrown at [C:\jenkins\workspace\8-2-build-windows-amd64-cygwin\jdk8u333\2551\hotspot\src\share\vm\prims\jvm.cpp, line 1523]

Events (10 events):
Event: 534.878 Executing VM operation: RedefineClasses done
Event: 534.881 Executing VM operation: ChangeBreakpoints
Event: 534.881 Executing VM operation: ChangeBreakpoints done
Event: 534.885 Executing VM operation: ChangeBreakpoints
Event: 534.885 Executing VM operation: ChangeBreakpoints done
Event: 534.890 Executing VM operation: GetOwnedMonitorInfo
Event: 534.890 Executing VM operation: GetOwnedMonitorInfo done
Event: 534.890 Executing VM operation: GetCurrentContendedMonitor
Event: 534.891 Executing VM operation: GetCurrentContendedMonitor done
Event: 603.824 Executing VM operation: GetOrSetLocal


Dynamic libraries:
0x00007ff72e380000 - 0x00007ff72e3c7000 	C:\Program Files\Java\jre1.8.0_333\bin\javaw.exe
0x00007ffe22fd0000 - 0x00007ffe231c8000 	C:\WINDOWS\SYSTEM32\ntdll.dll
0x00007ffe22a90000 - 0x00007ffe22b4f000 	C:\WINDOWS\System32\KERNEL32.DLL
0x00007ffe20920000 - 0x00007ffe20bf2000 	C:\WINDOWS\System32\KERNELBASE.dll
0x00007ffe22c30000 - 0x00007ffe22cde000 	C:\WINDOWS\System32\ADVAPI32.dll
0x00007ffe22ef0000 - 0x00007ffe22f8e000 	C:\WINDOWS\System32\msvcrt.dll
0x00007ffe21420000 - 0x00007ffe214bc000 	C:\WINDOWS\System32\sechost.dll
0x00007ffe212f0000 - 0x00007ffe21415000 	C:\WINDOWS\System32\RPCRT4.dll
0x00007ffe22470000 - 0x00007ffe22611000 	C:\WINDOWS\System32\USER32.dll
0x00007ffe20ce0000 - 0x00007ffe20d02000 	C:\WINDOWS\System32\win32u.dll
0x00007ffe223e0000 - 0x00007ffe2240b000 	C:\WINDOWS\System32\GDI32.dll
0x00007ffe20810000 - 0x00007ffe2091f000 	C:\WINDOWS\System32\gdi32full.dll
0x00007ffe20d10000 - 0x00007ffe20dad000 	C:\WINDOWS\System32\msvcp_win.dll
0x00007ffe20f10000 - 0x00007ffe21010000 	C:\WINDOWS\System32\ucrtbase.dll
0x00007ffe0c270000 - 0x00007ffe0c50a000 	C:\WINDOWS\WinSxS\amd64_microsoft.windows.common-controls_6595b64144ccf1df_6.0.19041.1110_none_60b5254171f9507e\COMCTL32.dll
0x00007ffe21590000 - 0x00007ffe215c2000 	C:\WINDOWS\System32\IMM32.DLL
0x000002bcca990000 - 0x000002bcca9a4000 	C:\WINDOWS\System32\umppc15908.dll
0x00007ffe203c0000 - 0x00007ffe20503000 	C:\Program Files\Avecto\Privilege Guard Client\PGHook.dll
0x00007ffdeb750000 - 0x00007ffdeb765000 	C:\Program Files\Java\jre1.8.0_333\bin\vcruntime140.dll
0x00007ffdc09c0000 - 0x00007ffdc0a5b000 	C:\Program Files\Java\jre1.8.0_333\bin\msvcp140.dll
0x0000000050840000 - 0x00000000510a1000 	C:\Program Files\Java\jre1.8.0_333\bin\server\jvm.dll
0x00007ffe21a70000 - 0x00007ffe21a78000 	C:\WINDOWS\System32\PSAPI.DLL
0x00007ffe08a00000 - 0x00007ffe08a09000 	C:\WINDOWS\SYSTEM32\WSOCK32.dll
0x00007ffe22360000 - 0x00007ffe223cb000 	C:\WINDOWS\System32\WS2_32.dll
0x00007ffe140b0000 - 0x00007ffe140d7000 	C:\WINDOWS\SYSTEM32\WINMM.dll
0x00007ffe15f70000 - 0x00007ffe15f7a000 	C:\WINDOWS\SYSTEM32\VERSION.dll
0x00007ffe1ec70000 - 0x00007ffe1ec82000 	C:\WINDOWS\SYSTEM32\kernel.appcore.dll
0x00007ffde68e0000 - 0x00007ffde68f0000 	C:\Program Files\Java\jre1.8.0_333\bin\verify.dll
0x00007ffd6db20000 - 0x00007ffd6db4b000 	C:\Program Files\Java\jre1.8.0_333\bin\java.dll
0x00007ffde3280000 - 0x00007ffde32b6000 	C:\Program Files\Java\jre1.8.0_333\bin\jdwp.dll
0x00007ffe1b4e0000 - 0x00007ffe1b4e9000 	C:\Program Files\Java\jre1.8.0_333\bin\npt.dll
0x00007ffd6db00000 - 0x00007ffd6db18000 	C:\Program Files\Java\jre1.8.0_333\bin\zip.dll
0x00007ffe21c10000 - 0x00007ffe22354000 	C:\WINDOWS\System32\SHELL32.dll
0x00007ffe1e060000 - 0x00007ffe1e7f2000 	C:\WINDOWS\SYSTEM32\windows.storage.dll
0x00007ffe21710000 - 0x00007ffe21a65000 	C:\WINDOWS\System32\combase.dll
0x00007ffe1ff60000 - 0x00007ffe1ff90000 	C:\WINDOWS\SYSTEM32\Wldp.dll
0x00007ffe21660000 - 0x00007ffe2170d000 	C:\WINDOWS\System32\SHCORE.dll
0x00007ffe21290000 - 0x00007ffe212e5000 	C:\WINDOWS\System32\shlwapi.dll
0x00007ffe20600000 - 0x00007ffe2061f000 	C:\WINDOWS\SYSTEM32\profapi.dll
0x00007ffe1b4d0000 - 0x00007ffe1b4da000 	C:\Program Files\Java\jre1.8.0_333\bin\dt_socket.dll
0x00007ffe0f760000 - 0x00007ffe0f777000 	C:\WINDOWS\system32\napinsp.dll
0x00007ffdf1170000 - 0x00007ffdf11d2000 	C:\Program Files\Manufacturer\Endpoint Agent\prntm64.dll
0x00007ffe22dc0000 - 0x00007ffe22eea000 	C:\WINDOWS\System32\ole32.dll
0x00007ffe211c0000 - 0x00007ffe2128d000 	C:\WINDOWS\System32\OLEAUT32.dll
0x00007ffe142c0000 - 0x00007ffe142cc000 	C:\WINDOWS\SYSTEM32\Secur32.dll
0x00007ffe11600000 - 0x00007ffe11698000 	C:\WINDOWS\SYSTEM32\WINSPOOL.DRV
0x00007ffdfecb0000 - 0x00007ffdfecbc000 	C:\Program Files\Java\jre1.8.0_333\bin\VCRUNTIME140_1.dll
0x00007ffe205b0000 - 0x00007ffe205e2000 	C:\WINDOWS\SYSTEM32\SSPICLI.DLL
0x00007ffe0f740000 - 0x00007ffe0f75b000 	C:\WINDOWS\system32\pnrpnsp.dll
0x00007ffe1a8b0000 - 0x00007ffe1a8c5000 	C:\WINDOWS\system32\wshbth.dll
0x00007ffe1b150000 - 0x00007ffe1b16d000 	C:\WINDOWS\system32\NLAapi.dll
0x00007ffe1f9b0000 - 0x00007ffe1f9eb000 	C:\WINDOWS\SYSTEM32\IPHLPAPI.DLL
0x00007ffe1fcc0000 - 0x00007ffe1fd2a000 	C:\WINDOWS\System32\mswsock.dll
0x00007ffe1f9f0000 - 0x00007ffe1faba000 	C:\WINDOWS\SYSTEM32\DNSAPI.dll
0x00007ffe21a80000 - 0x00007ffe21a88000 	C:\WINDOWS\System32\NSI.dll
0x00007ffe0f720000 - 0x00007ffe0f732000 	C:\WINDOWS\System32\winrnr.dll
0x00007ffe19cf0000 - 0x00007ffe19d70000 	C:\WINDOWS\System32\fwpuclnt.dll
0x00007ffe20c00000 - 0x00007ffe20c27000 	C:\WINDOWS\System32\bcrypt.dll
0x00007ffe17880000 - 0x00007ffe1788a000 	C:\Windows\System32\rasadhlp.dll
0x00007ffd6dae0000 - 0x00007ffd6dafc000 	C:\Program Files\Java\jre1.8.0_333\bin\net.dll
0x00007ffe1fec0000 - 0x00007ffe1fed8000 	C:\WINDOWS\SYSTEM32\CRYPTSP.dll
0x00007ffe1f460000 - 0x00007ffe1f494000 	C:\WINDOWS\system32\rsaenh.dll
0x00007ffe20580000 - 0x00007ffe205ae000 	C:\WINDOWS\SYSTEM32\USERENV.dll
0x00007ffe20710000 - 0x00007ffe20792000 	C:\WINDOWS\System32\bcryptprimitives.dll
0x00007ffe1feb0000 - 0x00007ffe1febc000 	C:\WINDOWS\SYSTEM32\CRYPTBASE.dll
0x00007ffe194f0000 - 0x00007ffe19507000 	C:\WINDOWS\SYSTEM32\dhcpcsvc6.DLL
0x00007ffe194b0000 - 0x00007ffe194cd000 	C:\WINDOWS\SYSTEM32\dhcpcsvc.DLL
0x00007ffd6dac0000 - 0x00007ffd6dad3000 	C:\Program Files\Java\jre1.8.0_333\bin\nio.dll
0x00007ffe1e920000 - 0x00007ffe1eb04000 	C:\WINDOWS\SYSTEM32\dbghelp.dll

VM Arguments:
jvm_args: -agentlib:jdwp=transport=dt_socket,suspend=y,address=localhost:58381 -ea -Dfile.encoding=Cp1252 
java_command: org.testng.remote.RemoteTestNG -serport 58380 -protocol json -d C:\Users\adiraj\FrameworkPractice\Framework\test-output C:\Users\adiraj\AppData\Local\Temp\testng-eclipse-1556201260\testng-customsuite.xml
java_class_path (initial): C:\Users\adiraj\Downloads\eclipse-java-oxygen-3a-win32-x86_64 (1)\eclipse\plugins\org.testng.eclipse_6.11.0.201703011520\lib\testng-remote.jar;C:\Program Files\Java\jre1.8.0_333\lib\resources.jar;C:\Program Files\Java\jre1.8.0_333\lib\rt.jar;C:\Program Files\Java\jre1.8.0_333\lib\jsse.jar;C:\Program Files\Java\jre1.8.0_333\lib\jce.jar;C:\Program Files\Java\jre1.8.0_333\lib\charsets.jar;C:\Program Files\Java\jre1.8.0_333\lib\jfr.jar;C:\Program Files\Java\jre1.8.0_333\lib\ext\access-bridge-64.jar;C:\Program Files\Java\jre1.8.0_333\lib\ext\cldrdata.jar;C:\Program Files\Java\jre1.8.0_333\lib\ext\dnsns.jar;C:\Program Files\Java\jre1.8.0_333\lib\ext\jaccess.jar;C:\Program Files\Java\jre1.8.0_333\lib\ext\jfxrt.jar;C:\Program Files\Java\jre1.8.0_333\lib\ext\localedata.jar;C:\Program Files\Java\jre1.8.0_333\lib\ext\nashorn.jar;C:\Program Files\Java\jre1.8.0_333\lib\ext\sunec.jar;C:\Program Files\Java\jre1.8.0_333\lib\ext\sunjce_provider.jar;C:\Program Files\Java\jre1.8.0_333\lib\ext\sunmscapi.jar;C:\Program Files\Java\jre1.8.0_333\lib\ext\sunpkcs11.jar;C:\Program Files\Java\jre1.8.0_333\lib\ext\zipfs.jar;C:\Users\adiraj\FrameworkPractice\Framework\target\test-classes;C:\Users\adiraj\FrameworkPractice\Framework\target\classes;C:\Users\adiraj\.m2\repository\org\seleniumhq\selenium\selenium-java\3.141.59\selenium-java-3.141.59.jar;C:\Users\adiraj\.m2\repository\org\seleniumhq\selenium\selenium-api\3.141.59\selenium-api-3.141.59.jar;C:\Users\adiraj\.m2\repository\org\seleniumhq\selenium\selenium-chrome-driver\3.141.59\selenium-chrome-driver-3.141.59.jar;C:\Users\adiraj\.m2\repository\org\seleniumhq\selenium\selenium-edge-driver\3.141.59\selenium-edge-driver-3.141.59.jar;C:\Users\adiraj\.m2\repository\org\seleniumhq\selenium\selenium-firefox-driver\3.141.59\selenium-firefox-driver-3.141.59.jar;C:\Users\adiraj\.m2\repository\org\seleniumhq\selenium\selenium-ie-driver\3.141.59\selenium-ie-driver-3.141.59.jar;C:\Users\adiraj\.m2\repository\org\seleniumhq
Launcher Type: SUN_STANDARD

Environment Variables:
JAVA_HOME=C:\Program Files\Java\jdk1.8.0_333
CLASSPATH=C:\Program Files\Java\jdk1.8.0_333\lib
PATH=C:/Program Files/Java/jre1.8.0_333/bin/server;C:/Program Files/Java/jre1.8.0_333/bin;C:/Program Files/Java/jre1.8.0_333/lib/amd64;C:\Program Files (x86)\Common Files\Oracle\Java\javapath;C:\WINDOWS\system32;C:\WINDOWS;C:\WINDOWS\System32\Wbem;C:\WINDOWS\System32\WindowsPowerShell\v1.0\;C:\WINDOWS\System32\OpenSSH\;C:\Users\adiraj\AppData\Local\Microsoft\WindowsApps;C:\Program Files\Microsoft SQL Server\Client SDK\ODBC\130\Tools\Binn\;C:\Program Files (x86)\Microsoft SQL Server\130\Tools\Binn\;C:\Program Files\Microsoft SQL Server\130\Tools\Binn\;C:\Program Files\Microsoft SQL Server\130\DTS\Binn\;C:\strawberry\c\bin;C:\strawberry\perl\bin;C:\Program Files (x86)\Microsoft SQL Server\Client SDK\ODBC\130\Tools\Binn\;C:\Program Files (x86)\Microsoft SQL Server\140\Tools\Binn\;C:\Program Files (x86)\Microsoft SQL Server\140\DTS\Binn\;C:\Program Files (x86)\Microsoft SQL Server\150\DTS\Binn\;C:\Program Files\Azure Data Studio\bin;C:\Users\adiraj\Documents\apache-jmeter-5.4.3\apache-jmeter-5.4.3\bin;C:\Program Files\Java\jdk1.8.0_333\bin;C:\Users\adiraj\Downloads\apache-maven-3.6.1-bin\apache-maven-3.6.1\bin;C:\Program Files\Azure Data Studio\bin;;C:\Users\adiraj\Downloads\eclipse-java-oxygen-3a-win32-x86_64 (1)\eclipse;
USERNAME=adiraj
OS=Windows_NT
PROCESSOR_IDENTIFIER=AMD64 Family 25 Model 80 Stepping 0, AuthenticAMD



---------------  S Y S T E M  ---------------

OS: Windows 10 , 64 bit Build 19041 (10.0.19041.2364)

CPU:total 16 (initial active 16) (16 cores per cpu, 1 threads per core) family 25 model 80 stepping 0, cmov, cx8, fxsr, mmx, sse, sse2, sse3, ssse3, sse4.1, sse4.2, popcnt, avx, avx2, aes, clmul, erms, mmxext, 3dnowpref, lzcnt, sse4a, tsc, tscinvbit, tscinv, bmi1

Memory: 4k page, physical 32834620k(9407556k free), swap 39388220k(5374152k free)

vm_info: Java HotSpot(TM) 64-Bit Server VM (25.333-b02) for windows-amd64 JRE (1.8.0_333-b02), built on Apr 25 2022 22:49:11 by "java_re" with MS VC++ 15.9 (VS2017)

time: Tue Feb 14 13:11:19 2023
timezone: India Standard Time
elapsed time: 603.898300 seconds (0d 0h 10m 3s)

